<?xml version="1.0" encoding="utf-8"?><testsuites name="pytest tests"><testsuite name="pytest" errors="0" failures="0" skipped="0" tests="53" time="208.572" timestamp="2026-05-22T15:59:45.295393+00:00" hostname="agent-env-52fc47d2-22c3-4873-8e08-8e873065f130"><testcase classname="backend.tests.backend_test.TestHealth" name="test_health" time="0.279" /><testcase classname="backend.tests.backend_test.TestKPI" name="test_kpi_overview" time="0.124" /><testcase classname="backend.tests.backend_test.TestConversion" name="test_overview" time="0.117" /><testcase classname="backend.tests.backend_test.TestConversion" name="test_trend" time="0.125" /><testcase classname="backend.tests.backend_test.TestConversion" name="test_breakdown[specialty_group]" time="0.124" /><testcase classname="backend.tests.backend_test.TestConversion" name="test_breakdown[territory]" time="0.124" /><testcase classname="backend.tests.backend_test.TestConversion" name="test_breakdown[rep_name]" time="0.117" /><testcase classname="backend.tests.backend_test.TestConversion" name="test_heatmap" time="0.120" /><testcase classname="backend.tests.backend_test.TestConversion" name="test_audit" time="0.111" /><testcase classname="backend.tests.backend_test.TestConversion" name="test_forecast" time="0.142" /><testcase classname="backend.tests.backend_test.TestHCP" name="test_list" time="0.147" /><testcase classname="backend.tests.backend_test.TestHCP" name="test_list_filter" time="0.076" /><testcase classname="backend.tests.backend_test.TestHCP" name="test_detail" time="0.122" /><testcase classname="backend.tests.backend_test.TestHCP" name="test_opportunity" time="0.170" /><testcase classname="backend.tests.backend_test.TestRep" name="test_list" time="0.077" /><testcase classname="backend.tests.backend_test.TestRep" name="test_detail" time="0.119" /><testcase classname="backend.tests.backend_test.TestRep" name="test_leaderboard" time="0.122" /><testcase classname="backend.tests.backend_test.TestTerritory" name="test_list" time="0.081" /><testcase classname="backend.tests.backend_test.TestTerritory" name="test_heatmap" time="0.118" /><testcase classname="backend.tests.backend_test.TestTerritory" name="test_detail" time="0.114" /><testcase classname="backend.tests.backend_test.TestKOL" name="test_dashboard" time="0.081" /><testcase classname="backend.tests.backend_test.TestKOL" name="test_list" time="0.081" /><testcase classname="backend.tests.backend_test.TestKOL" name="test_network" time="0.075" /><testcase classname="backend.tests.backend_test.TestKOL" name="test_topics" time="0.085" /><testcase classname="backend.tests.backend_test.TestKOL" name="test_detail" time="0.105" /><testcase classname="backend.tests.backend_test.TestNBA" name="test_ranked" time="0.135" /><testcase classname="backend.tests.backend_test.TestNBA" name="test_simulate" time="0.137" /><testcase classname="backend.tests.backend_test.TestBriefing" name="test_context" time="0.188" /><testcase classname="backend.tests.backend_test.TestBriefing" name="test_generate" time="40.318" /><testcase classname="backend.tests.backend_test.TestSources" name="test_tables" time="0.097" /><testcase classname="backend.tests.backend_test.TestSources" name="test_table_data" time="0.090" /><testcase classname="backend.tests.backend_test.TestChat" name="test_suggested" time="0.076" /><testcase classname="backend.tests.backend_test.TestChat" name="test_ask" time="13.809" /><testcase classname="backend.tests.backend_test.TestExec" name="test_dashboard" time="0.351" /><testcase classname="backend.tests.backend_test.TestExec" name="test_narrative" time="29.792" /><testcase classname="backend.tests.backend_test.TestHealthV2" name="test_health_has_14_tables_and_mongo" time="0.081" /><testcase classname="backend.tests.backend_test.TestAudit" name="test_audit_logs_endpoint" time="0.080" /><testcase classname="backend.tests.backend_test.TestAudit" name="test_audit_ai_outputs_chat_filter" time="0.078" /><testcase classname="backend.tests.backend_test.TestChatRAG" name="test_ask_persists_audit_and_sources" time="17.166" /><testcase classname="backend.tests.backend_test.TestChatRAG" name="test_audit_chat_log_persisted" time="0.079" /><testcase classname="backend.tests.backend_test.TestMLScoring" name="test_ranked_blended_scores" time="0.128" /><testcase classname="backend.tests.backend_test.TestForecast" name="test_forecast_holt_winters" time="0.163" /><testcase classname="backend.tests.backend_test.TestPDFExport" name="test_pdf_no_narrative" time="0.311" /><testcase classname="backend.tests.backend_test.TestPDFExport" name="test_pdf_with_narrative" time="23.744" /><testcase classname="backend.tests.backend_test.TestBriefingV2" name="test_briefing_returns_audit_id" time="35.479" /><testcase classname="backend.tests.backend_test.TestExecNarrativePersist" name="test_narrative_returns_audit_id" time="24.570" /><testcase classname="backend.tests.backend_test.TestExecNarrativePersist" name="test_narrative_persisted_in_audit" time="0.117" /><testcase classname="backend.tests.backend_test.TestStreaming" name="test_chat_ask_stream" time="17.640" /><testcase classname="backend.tests.backend_test.TestTopLevelRegression" name="test_endpoint_200[/kpi/overview]" time="0.123" /><testcase classname="backend.tests.backend_test.TestTopLevelRegression" name="test_endpoint_200[/exec/dashboard]" time="0.357" /><testcase classname="backend.tests.backend_test.TestTopLevelRegression" name="test_endpoint_200[/kol/dashboard]" time="0.092" /><testcase classname="backend.tests.backend_test.TestTopLevelRegression" name="test_endpoint_200[/hcp/HCP0001]" time="0.122" /><testcase classname="backend.tests.backend_test.TestTopLevelRegression" name="test_endpoint_200[/territory/T01]" time="0.116" /></testsuite></testsuites>