<?xml version="1.0" encoding="utf-8"?><testsuites name="pytest tests"><testsuite name="pytest" errors="0" failures="0" skipped="0" tests="35" time="77.708" timestamp="2026-05-22T15:38:49.973945+00:00" hostname="agent-env-52fc47d2-22c3-4873-8e08-8e873065f130"><testcase classname="backend.tests.backend_test.TestHealth" name="test_health" time="0.150" /><testcase classname="backend.tests.backend_test.TestKPI" name="test_kpi_overview" time="0.109" /><testcase classname="backend.tests.backend_test.TestConversion" name="test_overview" time="0.110" /><testcase classname="backend.tests.backend_test.TestConversion" name="test_trend" time="0.118" /><testcase classname="backend.tests.backend_test.TestConversion" name="test_breakdown[specialty_group]" time="0.115" /><testcase classname="backend.tests.backend_test.TestConversion" name="test_breakdown[territory]" time="0.113" /><testcase classname="backend.tests.backend_test.TestConversion" name="test_breakdown[rep_name]" time="0.113" /><testcase classname="backend.tests.backend_test.TestConversion" name="test_heatmap" time="0.113" /><testcase classname="backend.tests.backend_test.TestConversion" name="test_audit" time="0.109" /><testcase classname="backend.tests.backend_test.TestConversion" name="test_forecast" time="0.111" /><testcase classname="backend.tests.backend_test.TestHCP" name="test_list" time="0.081" /><testcase classname="backend.tests.backend_test.TestHCP" name="test_list_filter" time="0.069" /><testcase classname="backend.tests.backend_test.TestHCP" name="test_detail" time="0.116" /><testcase classname="backend.tests.backend_test.TestHCP" name="test_opportunity" time="0.121" /><testcase classname="backend.tests.backend_test.TestRep" name="test_list" time="0.070" /><testcase classname="backend.tests.backend_test.TestRep" name="test_detail" time="0.114" /><testcase classname="backend.tests.backend_test.TestRep" name="test_leaderboard" time="0.117" /><testcase classname="backend.tests.backend_test.TestTerritory" name="test_list" time="0.070" /><testcase classname="backend.tests.backend_test.TestTerritory" name="test_heatmap" time="0.112" /><testcase classname="backend.tests.backend_test.TestTerritory" name="test_detail" time="0.111" /><testcase classname="backend.tests.backend_test.TestKOL" name="test_dashboard" time="0.074" /><testcase classname="backend.tests.backend_test.TestKOL" name="test_list" time="0.073" /><testcase classname="backend.tests.backend_test.TestKOL" name="test_network" time="0.069" /><testcase classname="backend.tests.backend_test.TestKOL" name="test_topics" time="0.069" /><testcase classname="backend.tests.backend_test.TestKOL" name="test_detail" time="0.068" /><testcase classname="backend.tests.backend_test.TestNBA" name="test_ranked" time="0.133" /><testcase classname="backend.tests.backend_test.TestNBA" name="test_simulate" time="0.126" /><testcase classname="backend.tests.backend_test.TestBriefing" name="test_context" time="0.174" /><testcase classname="backend.tests.backend_test.TestBriefing" name="test_generate" time="34.646" /><testcase classname="backend.tests.backend_test.TestSources" name="test_tables" time="0.080" /><testcase classname="backend.tests.backend_test.TestSources" name="test_table_data" time="0.082" /><testcase classname="backend.tests.backend_test.TestChat" name="test_suggested" time="0.067" /><testcase classname="backend.tests.backend_test.TestChat" name="test_ask" time="17.254" /><testcase classname="backend.tests.backend_test.TestExec" name="test_dashboard" time="0.443" /><testcase classname="backend.tests.backend_test.TestExec" name="test_narrative" time="22.131" /></testsuite></testsuites>